android/app.test.ver1/app/build/intermediates/manifest_merge_blame_file/debug/manifest-merger-blame-debug-report.txt
1<?xml version="1.0" encoding="utf-8"?>
2<manifest xmlns:android="http://schemas.android.com/apk/res/android"
3    package="com.example.myapplication"
4    android:versionCode="1"
5    android:versionName="1.0" >
6
7    <uses-sdk
8        android:minSdkVersion="15"
8-->src\main\AndroidManifest.xml
9        android:targetSdkVersion="29" />
9-->src\main\AndroidManifest.xml
10    <!-- ===================================2=2=2=2=2========================================= -->
11    <uses-permission android:name="android.permission.WRITE_EXTERNAL_STORAGE" />
11-->src\main\AndroidManifest.xml:5:5-81
11-->src\main\AndroidManifest.xml:5:22-78
12    <uses-permission android:name="android.permission.CAMERA" />
12-->src\main\AndroidManifest.xml:6:5-65
12-->src\main\AndroidManifest.xml:6:22-62
13
14    <!-- ================ 카메라의 제어 허용을 위해 꼭 넣어야된다.===2=2=2=2=2======================= -->
15    <application
15-->src\main\AndroidManifest.xml:8:5-28:19
16        android:allowBackup="true"
16-->src\main\AndroidManifest.xml:9:9-35
17        android:appComponentFactory="androidx.core.app.CoreComponentFactory"
17-->[androidx.core:core:1.1.0] AndroidManifest.xml:24:18-86
18        android:debuggable="true"
19        android:icon="@mipmap/ic_launcher"
19-->src\main\AndroidManifest.xml:10:9-43
20        android:label="@string/app_name"
20-->src\main\AndroidManifest.xml:11:9-41
21        android:roundIcon="@mipmap/ic_launcher_round"
21-->src\main\AndroidManifest.xml:12:9-54
22        android:supportsRtl="true"
22-->src\main\AndroidManifest.xml:13:9-35
23        android:testOnly="true"
24        android:theme="@style/AppTheme" >
24-->src\main\AndroidManifest.xml:14:9-40
25        <activity android:name="com.example.myapplication.MainActivity" >
25-->src\main\AndroidManifest.xml:15:9-21:20
25-->src\main\AndroidManifest.xml:15:19-47
26            <intent-filter>
26-->src\main\AndroidManifest.xml:16:13-20:29
27                <action android:name="android.intent.action.MAIN" />
27-->src\main\AndroidManifest.xml:17:17-69
27-->src\main\AndroidManifest.xml:17:25-66
28
29                <category android:name="android.intent.category.LAUNCHER" />
29-->src\main\AndroidManifest.xml:19:17-77
29-->src\main\AndroidManifest.xml:19:27-74
30            </intent-filter>
31        </activity>
32        <!-- ===============다음은 새로운 액티비티를 추가 할 때 마다 넣어야한다.======1=1=1=1=1===== -->
33        <activity
33-->src\main\AndroidManifest.xml:23:9-77
34            android:name="com.example.myapplication.MainmenuActivity"
34-->src\main\AndroidManifest.xml:23:19-51
35            android:label="로그인화면가기" /> <!-- 첫번째 java 넣으면 꼭 넣어줘야됨 -->
35-->src\main\AndroidManifest.xml:23:52-75
36        <activity
36-->src\main\AndroidManifest.xml:24:9-67
37            android:name="com.example.myapplication.findmyid"
37-->src\main\AndroidManifest.xml:24:19-43
38            android:label="아이디찾기" /> <!-- 두번째 java 넣으면 꼭 넣어줘야됨 -->
38-->src\main\AndroidManifest.xml:24:44-65
39        <activity
39-->src\main\AndroidManifest.xml:25:9-68
40            android:name="com.example.myapplication.newUser"
40-->src\main\AndroidManifest.xml:25:19-42
41            android:label="새로운회원가입" />
41-->src\main\AndroidManifest.xml:25:43-66
42        <activity
42-->src\main\AndroidManifest.xml:26:9-70
43            android:name="com.example.myapplication.button1FUNC"
43-->src\main\AndroidManifest.xml:26:19-46
44            android:label="출석부르기" />
44-->src\main\AndroidManifest.xml:26:47-68
45        <!-- ==========================1=1=1=1=1====================================== -->
46    </application>
47
48</manifest>